<?xml version="1.0" encoding="UTF-8"?>
<!-- Generated by org.testng.reporters.JUnitReportReporter -->
<testsuite skipped="0" hostname="LAPTOP-0USGF9TF" name="test.Demo1" tests="1" failures="0" timestamp="18 Jun 2021 05:05:14 GMT" time="21.467" errors="0">
  <testcase name="test" time="21.467" classname="test.Demo1"/>
</testsuite> <!-- test.Demo1 -->
